Arguments: 
  /usr/local/bin/node /usr/share/yarn/bin/yarn.js

PATH: 
  /home/marcos/bin:/home/marcos/.local/bin:/home/marcos/bin:/home/marcos/.local/bin:/usr/local/sbin:/usr/local/bin:/usr/sbin:/usr/bin:/sbin:/bin:/usr/games:/usr/local/games:/home/marcos/Android/Sdk/emulator:/home/marcos/Android/Sdk/emulator:/home/marcos/Android/Sdk/tools:/home/marcos/Android/Sdk/tools/bin:/home/marcos/Android/Sdk/platform-tools:/home/marcos/Android/Sdk/emulator:/home/marcos/Android/Sdk/emulator:/home/marcos/Android/Sdk/tools:/home/marcos/Android/Sdk/tools/bin:/home/marcos/Android/Sdk/platform-tools

Yarn version: 
  1.17.3

Node version: 
  10.15.3

Platform: 
  linux x64

Trace: 
  Error: https://registry.yarnpkg.com/eslint-pluguin-import: Not found
      at Request.params.callback [as _callback] (/usr/share/yarn/lib/cli.js:66830:18)
      at Request.self.callback (/usr/share/yarn/lib/cli.js:140464:22)
      at Request.emit (events.js:189:13)
      at Request.<anonymous> (/usr/share/yarn/lib/cli.js:141436:10)
      at Request.emit (events.js:189:13)
      at IncomingMessage.<anonymous> (/usr/share/yarn/lib/cli.js:141358:12)
      at Object.onceWrapper (events.js:277:13)
      at IncomingMessage.emit (events.js:194:15)
      at endReadableNT (_stream_readable.js:1125:12)
      at process._tickCallback (internal/process/next_tick.js:63:19)

npm manifest: 
  {
    "name": "enli",
    "version": "1.0.0",
    "description": "",
    "main": "index.js",
    "scripts": {
      "test": "echo \"Error: no test specified\" && exit 1"
    },
    "keywords": [],
    "author": "",
    "license": "ISC",
    "devDependencies": {
      "eslint": "^6.1.0",
      "eslint-config-airbnb-base": "^13.1.0",
      "eslint-pluguin-import": "^2.14.0"
    }
  }

yarn manifest: 
  No manifest

Lockfile: 
  No lockfile
